{
    "FunctionName": "hello-cli",
    "FunctionArn": "arn:aws:lambda:us-east-1:070825231996:function:hello-cli",
    "Runtime": "nodejs14.x",
    "Role": "arn:aws:iam::070825231996:role/demo-without-framework",
    "Handler": "index.handler",
    "CodeSize": 326,
    "Description": "",
    "Timeout": 3,
    "MemorySize": 128,
    "LastModified": "2022-04-24T23:56:36.276+0000",
    "CodeSha256": "/r0sRaE4wGgZLWoNDoIeJ+yp+3pdTPUE7Aa4ZcxLjOw=",
    "Version": "$LATEST",
    "TracingConfig": {
        "Mode": "PassThrough"
    },
    "RevisionId": "5f4d1c7f-24b8-40df-93af-3cf8526cfe19",
    "State": "Pending",
    "StateReason": "The function is being created.",
    "StateReasonCode": "Creating",
    "PackageType": "Zip",
    "Architectures": [
        "x86_64"
    ],
    "EphemeralStorage": {
        "Size": 512
    }
}
