{
    "FunctionName": "hello-cli",
    "FunctionArn": "arn:aws:lambda:us-east-1:070825231996:function:hello-cli:1",
    "Runtime": "nodejs14.x",
    "Role": "arn:aws:iam::070825231996:role/demo-without-framework",
    "Handler": "index.handler",
    "CodeSize": 325,
    "Description": "",
    "Timeout": 3,
    "MemorySize": 128,
    "LastModified": "2022-04-25T00:02:02.000+0000",
    "CodeSha256": "vjBT8LOm4Zz5+2t6JtG/N5ZEUA8fDkgAhmk+Bf0JvuQ=",
    "Version": "1",
    "TracingConfig": {
        "Mode": "PassThrough"
    },
    "RevisionId": "0a978359-3332-4e66-b5be-4b48b5beace7",
    "State": "Pending",
    "StateReason": "The function is being created.",
    "StateReasonCode": "Creating",
    "PackageType": "Zip",
    "Architectures": [
        "x86_64"
    ],
    "EphemeralStorage": {
        "Size": 512
    }
}
